d:\solent\2 year\1st semester\computer games programming\assessment 2\final\mariorafaelcunhafernandes_q14225352_dac526_ae2_project\debug\vc142.pdb
d:\solent\2 year\1st semester\computer games programming\assessment 2\final\mariorafaelcunhafernandes_q14225352_dac526_ae2_project\debug\vc142.idb
d:\solent\2 year\1st semester\computer games programming\assessment 2\final\mariorafaelcunhafernandes_q14225352_dac526_ae2_project\debug\texturemanager.obj
d:\solent\2 year\1st semester\computer games programming\assessment 2\final\mariorafaelcunhafernandes_q14225352_dac526_ae2_project\debug\sprite.obj
d:\solent\2 year\1st semester\computer games programming\assessment 2\final\mariorafaelcunhafernandes_q14225352_dac526_ae2_project\debug\rigidbody.obj
d:\solent\2 year\1st semester\computer games programming\assessment 2\final\mariorafaelcunhafernandes_q14225352_dac526_ae2_project\debug\map.obj
d:\solent\2 year\1st semester\computer games programming\assessment 2\final\mariorafaelcunhafernandes_q14225352_dac526_ae2_project\debug\main.obj
d:\solent\2 year\1st semester\computer games programming\assessment 2\final\mariorafaelcunhafernandes_q14225352_dac526_ae2_project\debug\input.obj
d:\solent\2 year\1st semester\computer games programming\assessment 2\final\mariorafaelcunhafernandes_q14225352_dac526_ae2_project\debug\game.obj
d:\solent\2 year\1st semester\computer games programming\assessment 2\final\mariorafaelcunhafernandes_q14225352_dac526_ae2_project\debug\equations.obj
d:\solent\2 year\1st semester\computer games programming\assessment 2\final\mariorafaelcunhafernandes_q14225352_dac526_ae2_project\debug\enemyai.obj
d:\solent\2 year\1st semester\computer games programming\assessment 2\final\mariorafaelcunhafernandes_q14225352_dac526_ae2_project\debug\end.obj
d:\solent\2 year\1st semester\computer games programming\assessment 2\final\mariorafaelcunhafernandes_q14225352_dac526_ae2_project\debug\coordinate.obj
d:\solent\2 year\1st semester\computer games programming\assessment 2\final\mariorafaelcunhafernandes_q14225352_dac526_ae2_project\debug\collisionmanager.obj
d:\solent\2 year\1st semester\computer games programming\assessment 2\final\mariorafaelcunhafernandes_q14225352_dac526_ae2_project\debug\collision.obj
d:\solent\2 year\1st semester\computer games programming\assessment 2\final\mariorafaelcunhafernandes_q14225352_dac526_ae2_project\debug\coins.obj
d:\solent\2 year\1st semester\computer games programming\assessment 2\final\mariorafaelcunhafernandes_q14225352_dac526_ae2_project\debug\charaction.obj
d:\solent\2 year\1st semester\computer games programming\assessment 2\final\mariorafaelcunhafernandes_q14225352_dac526_ae2_project\debug\body.obj
d:\solent\2 year\1st semester\computer games programming\assessment 2\final\mariorafaelcunhafernandes_q14225352_dac526_ae2_project\debug\engine.ilk
d:\solent\2 year\1st semester\computer games programming\assessment 2\final\mariorafaelcunhafernandes_q14225352_dac526_ae2_project\debug\engine.exe
d:\solent\2 year\1st semester\computer games programming\assessment 2\final\mariorafaelcunhafernandes_q14225352_dac526_ae2_project\debug\engine.pdb
d:\solent\2 year\1st semester\computer games programming\assessment 2\final\mariorafaelcunhafernandes_q14225352_dac526_ae2_project\debug\engine.tlog\cl.command.1.tlog
d:\solent\2 year\1st semester\computer games programming\assessment 2\final\mariorafaelcunhafernandes_q14225352_dac526_ae2_project\debug\engine.tlog\cl.read.1.tlog
d:\solent\2 year\1st semester\computer games programming\assessment 2\final\mariorafaelcunhafernandes_q14225352_dac526_ae2_project\debug\engine.tlog\cl.write.1.tlog
d:\solent\2 year\1st semester\computer games programming\assessment 2\final\mariorafaelcunhafernandes_q14225352_dac526_ae2_project\debug\engine.tlog\link.command.1.tlog
d:\solent\2 year\1st semester\computer games programming\assessment 2\final\mariorafaelcunhafernandes_q14225352_dac526_ae2_project\debug\engine.tlog\link.read.1.tlog
d:\solent\2 year\1st semester\computer games programming\assessment 2\final\mariorafaelcunhafernandes_q14225352_dac526_ae2_project\debug\engine.tlog\link.write.1.tlog
