  Body.cpp
  CharAction.cpp
  Coins.cpp
  Collision.cpp
  CollisionManager.cpp
  Coordinate.cpp
  End.cpp
  EnemyAI.cpp
E:\Solent\2 year\1st semester\COMPUTER GAMES PROGRAMMING\Assessment 2\Final\MarioRafaelCunhaFernandes_Q14225352_DAC526_AE2_Project\EnemyAI.cpp(70,37): warning C4018: '>=': signed/unsigned mismatch
  Equations.cpp
E:\Solent\2 year\1st semester\COMPUTER GAMES PROGRAMMING\Assessment 2\Final\MarioRafaelCunhaFernandes_Q14225352_DAC526_AE2_Project\Equations.cpp(7,13): warning C4244: 'return': conversion from 'double' to 'float', possible loss of data
  Game.cpp
  Input.cpp
  main.cpp
  Map.cpp
  RigidBody.cpp
  Sprite.cpp
  TextureManager.cpp
  Generating Code...
  Engine.vcxproj -> E:\Solent\2 year\1st semester\COMPUTER GAMES PROGRAMMING\Assessment 2\Final\MarioRafaelCunhaFernandes_Q14225352_DAC526_AE2_Project\Debug\Engine.exe
          1 file(s) copied.
