e:\solent\2 year\1st semester\computer games programming\assessment 2\engine\release\vc142.pdb
e:\solent\2 year\1st semester\computer games programming\assessment 2\engine\release\coordinate.obj
e:\solent\2 year\1st semester\computer games programming\assessment 2\engine\release\texturemanager.obj
e:\solent\2 year\1st semester\computer games programming\assessment 2\engine\release\sprite.obj
e:\solent\2 year\1st semester\computer games programming\assessment 2\engine\release\rigidbody.obj
e:\solent\2 year\1st semester\computer games programming\assessment 2\engine\release\map.obj
e:\solent\2 year\1st semester\computer games programming\assessment 2\engine\release\main.obj
e:\solent\2 year\1st semester\computer games programming\assessment 2\engine\release\input.obj
e:\solent\2 year\1st semester\computer games programming\assessment 2\engine\release\game.obj
e:\solent\2 year\1st semester\computer games programming\assessment 2\engine\release\collisionmanager.obj
e:\solent\2 year\1st semester\computer games programming\assessment 2\engine\release\collision.obj
e:\solent\2 year\1st semester\computer games programming\assessment 2\engine\release\body.obj
d:\solent\2 year\1st semester\computer games programming\assessment 2\final\mariorafaelcunhafernandes_q14225352_dac526_ae2_project\release\vc142.pdb
d:\solent\2 year\1st semester\computer games programming\assessment 2\final\mariorafaelcunhafernandes_q14225352_dac526_ae2_project\release\equations.obj
d:\solent\2 year\1st semester\computer games programming\assessment 2\final\mariorafaelcunhafernandes_q14225352_dac526_ae2_project\release\coordinate.obj
e:\solent\2 year\1st semester\computer games programming\assessment 2\engine\release\engine.ipdb
e:\solent\2 year\1st semester\computer games programming\assessment 2\engine\release\engine.iobj
e:\solent\2 year\1st semester\computer games programming\assessment 2\engine\release\engine.exe
e:\solent\2 year\1st semester\computer games programming\assessment 2\engine\release\engine.pdb
d:\solent\2 year\1st semester\computer games programming\assessment 2\final\mariorafaelcunhafernandes_q14225352_dac526_ae2_project\release\body.obj
d:\solent\2 year\1st semester\computer games programming\assessment 2\final\mariorafaelcunhafernandes_q14225352_dac526_ae2_project\release\collision.obj
d:\solent\2 year\1st semester\computer games programming\assessment 2\final\mariorafaelcunhafernandes_q14225352_dac526_ae2_project\release\collisionmanager.obj
d:\solent\2 year\1st semester\computer games programming\assessment 2\final\mariorafaelcunhafernandes_q14225352_dac526_ae2_project\release\game.obj
d:\solent\2 year\1st semester\computer games programming\assessment 2\final\mariorafaelcunhafernandes_q14225352_dac526_ae2_project\release\input.obj
d:\solent\2 year\1st semester\computer games programming\assessment 2\final\mariorafaelcunhafernandes_q14225352_dac526_ae2_project\release\main.obj
d:\solent\2 year\1st semester\computer games programming\assessment 2\final\mariorafaelcunhafernandes_q14225352_dac526_ae2_project\release\map.obj
d:\solent\2 year\1st semester\computer games programming\assessment 2\final\mariorafaelcunhafernandes_q14225352_dac526_ae2_project\release\rigidbody.obj
d:\solent\2 year\1st semester\computer games programming\assessment 2\final\mariorafaelcunhafernandes_q14225352_dac526_ae2_project\release\sprite.obj
d:\solent\2 year\1st semester\computer games programming\assessment 2\final\mariorafaelcunhafernandes_q14225352_dac526_ae2_project\release\texturemanager.obj
d:\solent\2 year\1st semester\computer games programming\assessment 2\final\mariorafaelcunhafernandes_q14225352_dac526_ae2_project\release\engine.ipdb
d:\solent\2 year\1st semester\computer games programming\assessment 2\final\mariorafaelcunhafernandes_q14225352_dac526_ae2_project\release\engine.iobj
d:\solent\2 year\1st semester\computer games programming\assessment 2\final\mariorafaelcunhafernandes_q14225352_dac526_ae2_project\release\engine.pdb
d:\solent\2 year\1st semester\computer games programming\assessment 2\final\mariorafaelcunhafernandes_q14225352_dac526_ae2_project\release\engine.exe
d:\solent\2 year\1st semester\computer games programming\assessment 2\final\mariorafaelcunhafernandes_q14225352_dac526_ae2_project\release\engine.tlog\cl.command.1.tlog
d:\solent\2 year\1st semester\computer games programming\assessment 2\final\mariorafaelcunhafernandes_q14225352_dac526_ae2_project\release\engine.tlog\cl.read.1.tlog
d:\solent\2 year\1st semester\computer games programming\assessment 2\final\mariorafaelcunhafernandes_q14225352_dac526_ae2_project\release\engine.tlog\cl.write.1.tlog
d:\solent\2 year\1st semester\computer games programming\assessment 2\final\mariorafaelcunhafernandes_q14225352_dac526_ae2_project\release\engine.tlog\engine.write.1u.tlog
d:\solent\2 year\1st semester\computer games programming\assessment 2\final\mariorafaelcunhafernandes_q14225352_dac526_ae2_project\release\engine.tlog\link.command.1.tlog
d:\solent\2 year\1st semester\computer games programming\assessment 2\final\mariorafaelcunhafernandes_q14225352_dac526_ae2_project\release\engine.tlog\link.read.1.tlog
d:\solent\2 year\1st semester\computer games programming\assessment 2\final\mariorafaelcunhafernandes_q14225352_dac526_ae2_project\release\engine.tlog\link.write.1.tlog
